<?xml version="1.0" encoding="utf-8"?><testsuites name="pytest tests"><testsuite name="pytest" errors="0" failures="0" skipped="0" tests="208" time="1.116" timestamp="2025-10-12T01:49:21.971535+00:00" hostname="182f2f4b4d4f"><testcase classname="tests.test_cli" name="test_beta_option" time="0.014" /><testcase classname="tests.test_cli" name="test_rc_option" time="0.007" /><testcase classname="tests.test_cli" name="test_release_option" time="0.005" /><testcase classname="tests.test_cli" name="test_custom_option" time="0.007" /><testcase classname="tests.test_cli" name="test_beta_and_rc_options" time="0.002" /><testcase classname="tests.test_cli" name="test_beta_and_release_options" time="0.001" /><testcase classname="tests.test_cli" name="test_rc_and_custom_options" time="0.001" /><testcase classname="tests.test_cli" name="test_all_options" time="0.001" /><testcase classname="tests.test_cli" name="test_no_options" time="0.001" /><testcase classname="tests.test_cli" name="test_build_option" time="0.008" /><testcase classname="tests.test_cli" name="test_value_error" time="0.002" /><testcase classname="tests.test_cli" name="test_key_error" time="0.001" /><testcase classname="tests.test_cli" name="test_git_operations_exception_handling" time="0.012" /><testcase classname="tests.test_cli" name="test_git_tag_subprocess_exception" time="0.003" /><testcase classname="tests.test_cli_undo.TestCliUndo" name="test_list_history_option" time="0.001" /><testcase classname="tests.test_cli_undo.TestCliUndo" name="test_undo_option_success" time="0.001" /><testcase classname="tests.test_cli_undo.TestCliUndo" name="test_undo_option_failure" time="0.002" /><testcase classname="tests.test_cli_undo.TestCliUndo" name="test_undo_id_option_success" time="0.003" /><testcase classname="tests.test_cli_undo.TestCliUndo" name="test_undo_id_option_failure" time="0.002" /><testcase classname="tests.test_cli_undo.TestCliUndo" name="test_undo_conflicts_with_version_options" time="0.003" /><testcase classname="tests.test_cli_undo.TestCliUndo" name="test_multiple_undo_options_allowed" time="0.015" /><testcase classname="tests.test_cli_undo.TestUndoIntegration" name="test_version_bump_creates_backup_and_history" time="0.002" /><testcase classname="tests.test_cli_undo.TestUndoIntegration" name="test_version_bump_with_git_creates_complete_history" time="0.002" /><testcase classname="tests.test_config" name="test_load_config_with_valid_pyproject" time="0.004" /><testcase classname="tests.test_config" name="test_load_config_with_valid_bumpcalver" time="0.003" /><testcase classname="tests.test_config" name="test_load_config_with_malformed_pyproject" time="0.002" /><testcase classname="tests.test_config" name="test_load_config_pyproject_not_found" time="0.003" /><testcase classname="tests.test_config" name="test_load_config_with_generic_exception" time="0.003" /><testcase classname="tests.test_config" name="test_load_config_no_config_file_found" time="0.004" /><testcase classname="tests.test_date_files" name="test_all_date_formats_written_to_files" time="0.016" /><testcase classname="tests.test_git_utils" name="test_create_git_tag_tag_exists" time="0.001" /><testcase classname="tests.test_git_utils" name="test_create_git_tag_no_tag_exists_no_autocommit" time="0.001" /><testcase classname="tests.test_git_utils" name="test_create_git_tag_no_tag_exists_autocommit" time="0.001" /><testcase classname="tests.test_git_utils" name="test_create_git_tag_git_not_repository" time="0.001" /><testcase classname="tests.test_git_utils" name="test_create_git_tag_git_commit_fails" time="0.001" /><testcase classname="tests.test_git_utils" name="test_create_git_tag_git_tag_fails" time="0.001" /><testcase classname="tests.test_git_utils" name="test_create_git_tag_unexpected_exception" time="0.001" /><testcase classname="tests.test_handlers" name="test_python_handler_read_version" time="0.003" /><testcase classname="tests.test_handlers" name="test_python_handler_update_version" time="0.002" /><testcase classname="tests.test_handlers" name="test_python_handler_update_version_exception" time="0.002" /><testcase classname="tests.test_handlers" name="test_toml_handler_read_version" time="0.002" /><testcase classname="tests.test_handlers" name="test_toml_handler_update_version" time="0.002" /><testcase classname="tests.test_handlers" name="test_yaml_handler_read_version" time="0.004" /><testcase classname="tests.test_handlers" name="test_yaml_handler_update_version" time="0.003" /><testcase classname="tests.test_handlers" name="test_yaml_handler_read_version_exception" time="0.001" /><testcase classname="tests.test_handlers" name="test_yaml_handler_update_version_exception" time="0.002" /><testcase classname="tests.test_handlers" name="test_json_handler_read_version" time="0.005" /><testcase classname="tests.test_handlers" name="test_json_handler_update_version" time="0.004" /><testcase classname="tests.test_handlers" name="test_json_handler_read_version_exception" time="0.002" /><testcase classname="tests.test_handlers" name="test_json_handler_update_version_exception" time="0.002" /><testcase classname="tests.test_handlers" name="test_xml_handler_read_version" time="0.001" /><testcase classname="tests.test_handlers" name="test_xml_handler_update_version" time="0.001" /><testcase classname="tests.test_handlers" name="test_xml_handler_read_version_exception" time="0.001" /><testcase classname="tests.test_handlers" name="test_xml_handler_update_version_exception" time="0.001" /><testcase classname="tests.test_handlers" name="test_dockerfile_handler_read_version" time="0.006" /><testcase classname="tests.test_handlers" name="test_dockerfile_handler_update_version" time="0.004" /><testcase classname="tests.test_handlers" name="test_dockerfile_handler_update_version_invalid_directive" time="0.001" /><testcase classname="tests.test_handlers" name="test_dockerfile_handler_read_version_invalid_directive" time="0.001" /><testcase classname="tests.test_handlers" name="test_dockerfile_handler_update_version_exception" time="0.001" /><testcase classname="tests.test_handlers" name="test_dockerfile_handler_read_version_exception" time="0.001" /><testcase classname="tests.test_handlers" name="test_makefile_handler_read_version" time="0.002" /><testcase classname="tests.test_handlers" name="test_makefile_handler_update_version" time="0.003" /><testcase classname="tests.test_handlers" name="test_makefile_handler_read_version_exception" time="0.001" /><testcase classname="tests.test_handlers" name="test_makefile_handler_update_version_exception" time="0.001" /><testcase classname="tests.test_handlers" name="test_get_version_handler" time="0.000" /><testcase classname="tests.test_handlers" name="test_python_handler_read_version_exception" time="0.001" /><testcase classname="tests.test_handlers" name="test_python_handler_update_version_variable_not_found" time="0.002" /><testcase classname="tests.test_handlers" name="test_toml_handler_read_version_malformed_toml" time="0.003" /><testcase classname="tests.test_handlers" name="test_toml_handler_update_version_exception" time="0.002" /><testcase classname="tests.test_handlers" name="test_get_version_handler_unsupported_file_type" time="0.000" /><testcase classname="tests.test_handlers" name="test_update_version_in_files_value_error" time="0.001" /><testcase classname="tests.test_handlers" name="test_toml_handler_read_version_variable_not_found" time="0.002" /><testcase classname="tests.test_handlers" name="test_toml_handler_update_version_variable_not_found" time="0.003" /><testcase classname="tests.test_handlers" name="test_yaml_handler_read_version_variable_not_found" time="0.004" /><testcase classname="tests.test_handlers" name="test_xml_handler_update_version_variable_not_found" time="0.002" /><testcase classname="tests.test_handlers" name="test_dockerfile_handler_read_version_variable_not_found" time="0.002" /><testcase classname="tests.test_handlers" name="test_dockerfile_handler_update_version_variable_not_found" time="0.002" /><testcase classname="tests.test_handlers" name="test_xml_handler_read_version_variable_not_found" time="0.001" /><testcase classname="tests.test_handlers" name="test_makefile_handler_update_version_variable_not_found" time="0.004" /><testcase classname="tests.test_handlers" name="test_update_version_in_files_no_file_type" time="0.001" /><testcase classname="tests.test_handlers" name="test_properties_handler_read_version" time="0.002" /><testcase classname="tests.test_handlers" name="test_properties_handler_update_version" time="0.003" /><testcase classname="tests.test_handlers" name="test_properties_handler_read_version_not_found" time="0.002" /><testcase classname="tests.test_handlers" name="test_properties_handler_update_version_not_found" time="0.002" /><testcase classname="tests.test_handlers" name="test_properties_handler_read_version_exception" time="0.001" /><testcase classname="tests.test_handlers" name="test_properties_handler_update_version_exception" time="0.001" /><testcase classname="tests.test_handlers" name="test_env_handler_read_version" time="0.002" /><testcase classname="tests.test_handlers" name="test_env_handler_read_version_with_quotes" time="0.002" /><testcase classname="tests.test_handlers" name="test_env_handler_update_version" time="0.002" /><testcase classname="tests.test_handlers" name="test_env_handler_read_version_not_found" time="0.003" /><testcase classname="tests.test_handlers" name="test_env_handler_update_version_not_found" time="0.003" /><testcase classname="tests.test_handlers" name="test_env_handler_read_version_exception" time="0.001" /><testcase classname="tests.test_handlers" name="test_env_handler_update_version_exception" time="0.001" /><testcase classname="tests.test_handlers" name="test_setup_cfg_handler_read_version" time="0.001" /><testcase classname="tests.test_handlers" name="test_setup_cfg_handler_read_version_simple_key" time="0.001" /><testcase classname="tests.test_handlers" name="test_setup_cfg_handler_update_version" time="0.002" /><testcase classname="tests.test_handlers" name="test_setup_cfg_handler_read_version_not_found" time="0.001" /><testcase classname="tests.test_handlers" name="test_setup_cfg_handler_update_version_create_section" time="0.004" /><testcase classname="tests.test_handlers" name="test_setup_cfg_handler_read_version_exception" time="0.001" /><testcase classname="tests.test_handlers" name="test_setup_cfg_handler_update_version_exception" time="0.001" /><testcase classname="tests.test_handlers" name="test_setup_cfg_handler_update_version_simple_key_found" time="0.003" /><testcase classname="tests.test_handlers" name="test_setup_cfg_handler_update_version_simple_key_not_found_add_to_metadata" time="0.004" /><testcase classname="tests.test_handlers" name="test_setup_cfg_handler_update_version_simple_key_no_metadata_section" time="0.003" /><testcase classname="tests.test_handlers" name="test_setup_cfg_handler_update_dot_notation_variable" time="0.002" /><testcase classname="tests.test_handlers" name="test_setup_cfg_handler_update_simple_variable" time="0.001" /><testcase classname="tests.test_handlers" name="test_get_version_handler_properties" time="0.000" /><testcase classname="tests.test_handlers" name="test_get_version_handler_env" time="0.000" /><testcase classname="tests.test_handlers" name="test_get_version_handler_setup_cfg" time="0.000" /><testcase classname="tests.test_handlers" name="test_get_version_handler_toml" time="0.000" /><testcase classname="tests.test_handlers" name="test_get_version_handler_yaml" time="0.000" /><testcase classname="tests.test_handlers" name="test_get_version_handler_json" time="0.000" /><testcase classname="tests.test_handlers" name="test_get_version_handler_xml" time="0.000" /><testcase classname="tests.test_handlers" name="test_get_version_handler_dockerfile" time="0.000" /><testcase classname="tests.test_handlers" name="test_get_version_handler_makefile" time="0.000" /><testcase classname="tests.test_handlers" name="test_version_handler_read_file_safe_success" time="0.002" /><testcase classname="tests.test_handlers" name="test_version_handler_read_file_safe_exception" time="0.001" /><testcase classname="tests.test_handlers" name="test_version_handler_write_file_safe_success" time="0.003" /><testcase classname="tests.test_handlers" name="test_version_handler_write_file_safe_exception" time="0.001" /><testcase classname="tests.test_handlers" name="test_version_handler_format_version_with_standard" time="0.001" /><testcase classname="tests.test_handlers" name="test_version_handler_find_key_value_in_lines" time="0.000" /><testcase classname="tests.test_handlers" name="test_version_handler_log_variable_not_found" time="0.001" /><testcase classname="tests.test_handlers" name="test_version_handler_log_success_update" time="0.001" /><testcase classname="tests.test_handlers" name="test_version_handler_handle_read_operation_success" time="0.000" /><testcase classname="tests.test_handlers" name="test_version_handler_handle_read_operation_exception" time="0.001" /><testcase classname="tests.test_handlers" name="test_version_handler_handle_regex_update_success" time="0.004" /><testcase classname="tests.test_handlers" name="test_version_handler_handle_regex_update_no_match" time="0.002" /><testcase classname="tests.test_handlers" name="test_version_handler_handle_regex_update_custom_message" time="0.002" /><testcase classname="tests.test_handlers" name="test_version_handler_handle_regex_update_read_exception" time="0.001" /><testcase classname="tests.test_integration_isolated.TestHandlerIsolated" name="test_python_handler_update" time="0.010" /><testcase classname="tests.test_integration_isolated.TestHandlerIsolated" name="test_python_handler_rollback" time="0.002" /><testcase classname="tests.test_integration_isolated.TestHandlerIsolated" name="test_nonexistent_file_handling" time="0.001" /><testcase classname="tests.test_undo.TestBackupManager" name="test_backup_manager_default_paths" time="0.001" /><testcase classname="tests.test_undo.TestBackupManager" name="test_backup_manager_mkdir_exception" time="0.004" /><testcase classname="tests.test_undo.TestBackupManager" name="test_cleanup_old_backups" time="0.003" /><testcase classname="tests.test_undo.TestBackupManager" name="test_cleanup_old_backups_exception_handling" time="0.002" /><testcase classname="tests.test_undo.TestBackupManager" name="test_create_backup_nonexistent_file" time="0.001" /><testcase classname="tests.test_undo.TestBackupManager" name="test_create_backup_success" time="0.002" /><testcase classname="tests.test_undo.TestBackupManager" name="test_get_latest_operation" time="0.015" /><testcase classname="tests.test_undo.TestBackupManager" name="test_history_limit" time="0.234" /><testcase classname="tests.test_undo.TestBackupManager" name="test_store_and_retrieve_operation_history" time="0.005" /><testcase classname="tests.test_undo.TestBackupUtilities" name="test_backup_files_before_update" time="0.002" /><testcase classname="tests.test_undo.TestBackupUtilities" name="test_backup_files_before_update_empty_list" time="0.001" /><testcase classname="tests.test_undo.TestBackupUtilities" name="test_backup_files_before_update_with_nonexistent_file" time="0.001" /><testcase classname="tests.test_undo.TestBackupUtilities" name="test_backup_manager_create_backup_exception" time="0.001" /><testcase classname="tests.test_undo.TestBackupUtilities" name="test_backup_manager_get_latest_operation_empty_history" time="0.001" /><testcase classname="tests.test_undo.TestBackupUtilities" name="test_backup_manager_get_operation_history_file_not_exists" time="0.001" /><testcase classname="tests.test_undo.TestBackupUtilities" name="test_backup_manager_get_operation_history_invalid_json" time="0.001" /><testcase classname="tests.test_undo.TestBackupUtilities" name="test_backup_manager_load_history_exception" time="0.002" /><testcase classname="tests.test_undo.TestBackupUtilities" name="test_backup_manager_store_operation_history_exception" time="0.001" /><testcase classname="tests.test_undo.TestBackupUtilities" name="test_generate_operation_id" time="0.002" /><testcase classname="tests.test_undo.TestBackupUtilities" name="test_undo_git_operations_commit_hash_mismatch" time="0.001" /><testcase classname="tests.test_undo.TestBackupUtilities" name="test_undo_git_operations_not_git_repo" time="0.001" /><testcase classname="tests.test_undo.TestBackupUtilities" name="test_undo_git_operations_tag_not_found" time="0.001" /><testcase classname="tests.test_undo.TestBackupUtilities" name="test_undo_last_operation_no_history" time="0.001" /><testcase classname="tests.test_undo.TestUndoUtilities" name="test_backup_files_before_update_default_manager" time="0.002" /><testcase classname="tests.test_undo.TestUndoUtilities" name="test_backup_manager_cleanup_not_file" time="0.003" /><testcase classname="tests.test_undo.TestUndoUtilities" name="test_backup_manager_cleanup_stat_exception" time="0.002" /><testcase classname="tests.test_undo.TestUndoUtilities" name="test_backup_manager_get_operation_history_exception" time="0.001" /><testcase classname="tests.test_undo.TestUndoUtilities" name="test_backup_manager_save_history_exception" time="0.001" /><testcase classname="tests.test_undo.TestUndoUtilities" name="test_backup_manager_store_operation_history_exception" time="0.001" /><testcase classname="tests.test_undo.TestUndoUtilities" name="test_list_undo_history_default_backup_manager" time="0.001" /><testcase classname="tests.test_undo.TestUndoUtilities" name="test_list_undo_history_empty" time="0.002" /><testcase classname="tests.test_undo.TestUndoUtilities" name="test_list_undo_history_empty_coverage" time="0.002" /><testcase classname="tests.test_undo.TestUndoUtilities" name="test_list_undo_history_with_git_operations_coverage" time="0.006" /><testcase classname="tests.test_undo.TestUndoUtilities" name="test_list_undo_history_with_operations" time="0.003" /><testcase classname="tests.test_undo.TestUndoUtilities" name="test_restore_files_backup_not_exists" time="0.001" /><testcase classname="tests.test_undo.TestUndoUtilities" name="test_restore_files_empty_backups" time="0.001" /><testcase classname="tests.test_undo.TestUndoUtilities" name="test_restore_files_empty_backups_coverage" time="0.001" /><testcase classname="tests.test_undo.TestUndoUtilities" name="test_restore_files_exception_handling" time="0.001" /><testcase classname="tests.test_undo.TestUndoUtilities" name="test_restore_files_from_backups" time="0.002" /><testcase classname="tests.test_undo.TestUndoUtilities" name="test_restore_files_missing_backup" time="0.001" /><testcase classname="tests.test_undo.TestUndoUtilities" name="test_undo_git_operations_commit_and_tag" time="0.001" /><testcase classname="tests.test_undo.TestUndoUtilities" name="test_undo_git_operations_commit_only" time="0.002" /><testcase classname="tests.test_undo.TestUndoUtilities" name="test_undo_git_operations_commit_safety_check" time="0.002" /><testcase classname="tests.test_undo.TestUndoUtilities" name="test_undo_git_operations_failure" time="0.002" /><testcase classname="tests.test_undo.TestUndoUtilities" name="test_undo_git_operations_no_git_operations" time="0.003" /><testcase classname="tests.test_undo.TestUndoUtilities" name="test_undo_git_operations_tag_deletion" time="0.001" /><testcase classname="tests.test_undo.TestUndoUtilities" name="test_undo_git_operations_tag_only" time="0.001" /><testcase classname="tests.test_undo.TestUndoUtilities" name="test_undo_last_operation" time="0.007" /><testcase classname="tests.test_undo.TestUndoUtilities" name="test_undo_last_operation_default_backup_manager" time="0.003" /><testcase classname="tests.test_undo.TestUndoUtilities" name="test_undo_operation_by_id_default_backup_manager" time="0.001" /><testcase classname="tests.test_undo.TestUndoUtilities" name="test_undo_operation_by_id_not_found" time="0.001" /><testcase classname="tests.test_undo.TestUndoUtilities" name="test_undo_operation_by_id_not_found_coverage" time="0.001" /><testcase classname="tests.test_undo.TestUndoUtilities" name="test_undo_operation_by_id_success" time="0.002" /><testcase classname="tests.test_undo.TestUndoUtilities" name="test_undo_operation_git_failure" time="0.004" /><testcase classname="tests.test_undo.TestUndoUtilities" name="test_validate_undo_safety" time="0.003" /><testcase classname="tests.test_undo.TestUndoUtilities" name="test_validate_undo_safety_modified_files" time="0.001" /><testcase classname="tests.test_undo.TestUndoUtilities" name="test_validate_undo_safety_os_error" time="0.001" /><testcase classname="tests.test_undo.TestUndoUtilities" name="test_validate_undo_safety_warnings" time="0.001" /><testcase classname="tests.test_utils" name="test_parse_dot_path_with_slash" time="0.000" /><testcase classname="tests.test_utils" name="test_parse_dot_path_with_backslash" time="0.000" /><testcase classname="tests.test_utils" name="test_parse_dot_path_with_absolute_path" time="0.000" /><testcase classname="tests.test_utils" name="test_parse_dot_path_python_module" time="0.001" /><testcase classname="tests.test_utils" name="test_parse_dot_path_python_with_py_extension" time="0.000" /><testcase classname="tests.test_utils" name="test_parse_dot_path_non_python_file_type" time="0.000" /><testcase classname="tests.test_utils" name="test_parse_version_with_date_and_count" time="0.001" /><testcase classname="tests.test_utils" name="test_parse_version_with_date_only" time="0.000" /><testcase classname="tests.test_utils" name="test_parse_version_invalid_format" time="0.001" /><testcase classname="tests.test_utils" name="test_get_current_date_valid_timezone" time="0.001" /><testcase classname="tests.test_utils" name="test_get_current_date_invalid_timezone" time="0.001" /><testcase classname="tests.test_utils" name="test_get_current_datetime_version_valid_timezone" time="0.000" /><testcase classname="tests.test_utils" name="test_get_current_datetime_version_invalid_timezone" time="0.001" /><testcase classname="tests.test_utils" name="test_get_build_version_version_exists_today" time="0.001" /><testcase classname="tests.test_utils" name="test_get_build_version_version_exists_not_today" time="0.001" /><testcase classname="tests.test_utils" name="test_get_build_version_version_not_found" time="0.001" /><testcase classname="tests.test_utils" name="test_get_build_version_invalid_version_format" time="0.001" /><testcase classname="tests.test_utils" name="test_get_build_version_exception_during_read" time="0.002" /><testcase classname="tests.test_utils" name="test_get_build_version_with_directive" time="0.001" /></testsuite></testsuites>