<?xml version="1.0" encoding="utf-8"?><testsuites name="pytest tests"><testsuite name="pytest" errors="0" failures="0" skipped="0" tests="18" time="0.092" timestamp="2026-09-19T18:34:10.326682+00:00" hostname="6741bb0368ae"><testcase classname="tests.test_changelog" name="test_splice_changelog_entry_inserts_after_heading" time="0.000" /><testcase classname="tests.test_changelog" name="test_splice_changelog_entry_replaces_same_version" time="0.000" /><testcase classname="tests.test_changelog" name="test_build_changelog_update_creates_missing_file_content" time="0.002" /><testcase classname="tests.test_changelog" name="test_build_changelog_update_uses_openai_rewrite" time="0.001" /><testcase classname="tests.test_changelog" name="test_build_changelog_update_rejects_unknown_provider" time="0.001" /><testcase classname="tests.test_changelog" name="test_write_changelog_update_creates_parent_directory" time="0.001" /><testcase classname="tests.test_changelog" name="test_ensure_heading_adds_missing_heading_and_preserves_existing_newline" time="0.000" /><testcase classname="tests.test_changelog" name="test_format_timestamp_falls_back_to_utc_for_invalid_timezone" time="0.000" /><testcase classname="tests.test_changelog" name="test_latest_reachable_tag_returns_none_on_git_errors" time="0.000" /><testcase classname="tests.test_changelog" name="test_latest_reachable_tag_returns_stripped_tag" time="0.000" /><testcase classname="tests.test_changelog" name="test_commit_subjects_since_handles_git_errors" time="0.000" /><testcase classname="tests.test_changelog" name="test_commit_subjects_since_deduplicates_and_skips_blank_lines" time="0.000" /><testcase classname="tests.test_changelog" name="test_rewrite_entry_with_openai_requires_api_key" time="0.000" /><testcase classname="tests.test_changelog" name="test_rewrite_entry_with_openai_handles_url_errors" time="0.001" /><testcase classname="tests.test_changelog" name="test_rewrite_entry_with_openai_rejects_non_object_response" time="0.000" /><testcase classname="tests.test_changelog" name="test_rewrite_entry_with_openai_rejects_empty_content" time="0.000" /><testcase classname="tests.test_changelog" name="test_rewrite_entry_with_openai_rejects_invalid_markdown" time="0.000" /><testcase classname="tests.test_changelog" name="test_rewrite_entry_with_openai_returns_rewritten_markdown" time="0.000" /></testsuite></testsuites>